<?xml version="1.0" encoding="UTF-8"?>
<!-- Generated by org.testng.reporters.JUnitReportReporter -->
<testsuite hostname="TYC112177SindhuRM" failures="0" tests="1" name="jenk1.TC_001ProTest" time="16.655" errors="0" timestamp="2022-02-03T17:29:02 IST" skipped="0">
  <testcase classname="jenk1.TC_001ProTest" name="addLoan" time="16.655"/>
  <system-out/>
</testsuite> <!-- jenk1.TC_001ProTest -->
